2022-11-30 19:40:20,125 - INFO - WeiboBot.bot[login][:83] - 登录成功
2022-11-30 19:40:20,396 - INFO - WeiboBot.bot[init_bot_info][:98] - 用户名:黑丝,关注:103,粉丝:597,微博数量:151
2022-11-30 19:40:20,396 - INFO - WeiboBot.bot[init_bot_info][:99] - 微博简介:关注我学穿搭
2022-11-30 19:40:20,397 - INFO - WeiboBot.bot[init_bot_info][:100] - 微博地址:https://m.weibo.cn/u/1667721707?uid=1667721707&luicode=20000174
2022-11-30 19:40:20,397 - INFO - WeiboBot.bot[init_bot_info][:101] - 微博头像:https://tvax4.sinaimg.cn/crop.0.0.1002.1002.180/636769ebly8gwrsm5jqxoj20ru0rugni.jpg?KID=imgbed,tva&Expires=1669819220&ssig=wB1yqCcMEN
2022-11-30 19:40:20,397 - INFO - WeiboBot.bot[init_bot_info][:102] - 微博背景图:https://wx3.sinaimg.cn/crop.0.0.640.640.640/636769ebly1gwrttkp880j20u00u0774.jpg
2022-11-30 19:40:47,073 - INFO - WeiboBot.bot[lifecycle][:469] - Heartbeat
2022-11-30 19:40:58,796 - INFO - WeiboBot.bot[lifecycle][:469] - Heartbeat
2022-11-30 19:40:59,998 - INFO - WeiboBot.bot[lifecycle][:469] - Heartbeat
2022-11-30 19:41:01,911 - INFO - WeiboBot.bot[lifecycle][:469] - Heartbeat
2022-11-30 19:41:03,313 - INFO - WeiboBot.bot[lifecycle][:469] - Heartbeat
2022-11-30 19:41:04,503 - INFO - WeiboBot.bot[lifecycle][:469] - Heartbeat
2022-11-30 19:41:05,887 - INFO - WeiboBot.bot[lifecycle][:469] - Heartbeat
2022-11-30 19:41:07,356 - INFO - WeiboBot.bot[lifecycle][:469] - Heartbeat
2022-11-30 19:41:13,479 - INFO - WeiboBot.bot[lifecycle][:469] - Heartbeat
2022-11-30 19:41:14,641 - INFO - WeiboBot.bot[lifecycle][:469] - Heartbeat
2022-11-30 19:41:16,077 - INFO - WeiboBot.bot[lifecycle][:469] - Heartbeat
2022-11-30 19:41:17,667 - INFO - WeiboBot.bot[lifecycle][:469] - Heartbeat
2022-11-30 19:41:19,072 - INFO - WeiboBot.bot[lifecycle][:469] - Heartbeat
2022-11-30 19:41:20,505 - INFO - WeiboBot.bot[lifecycle][:469] - Heartbeat
2022-11-30 19:41:21,823 - INFO - WeiboBot.bot[lifecycle][:469] - Heartbeat
2022-11-30 19:41:23,628 - INFO - WeiboBot.bot[lifecycle][:469] - Heartbeat
2022-11-30 19:41:25,168 - INFO - WeiboBot.bot[lifecycle][:469] - Heartbeat
2022-11-30 19:41:26,522 - INFO - WeiboBot.bot[lifecycle][:469] - Heartbeat
2022-11-30 19:41:34,234 - INFO - WeiboBot.bot[lifecycle][:469] - Heartbeat
2022-11-30 19:41:35,709 - INFO - WeiboBot.bot[lifecycle][:469] - Heartbeat
2022-11-30 19:41:36,891 - INFO - WeiboBot.bot[lifecycle][:469] - Heartbeat
2022-11-30 19:41:38,358 - INFO - WeiboBot.bot[lifecycle][:469] - Heartbeat
2022-11-30 19:41:41,395 - INFO - WeiboBot.bot[lifecycle][:469] - Heartbeat
2022-11-30 19:41:42,753 - INFO - WeiboBot.bot[lifecycle][:469] - Heartbeat
2022-11-30 19:41:44,309 - INFO - WeiboBot.bot[lifecycle][:469] - Heartbeat
2022-11-30 19:41:50,886 - INFO - WeiboBot.bot[lifecycle][:469] - Heartbeat
2022-11-30 19:41:52,445 - INFO - WeiboBot.bot[lifecycle][:469] - Heartbeat
2022-11-30 19:41:54,500 - INFO - WeiboBot.bot[lifecycle][:469] - Heartbeat
2022-11-30 19:41:56,205 - INFO - WeiboBot.bot[lifecycle][:469] - Heartbeat
2022-11-30 19:41:57,909 - INFO - WeiboBot.bot[lifecycle][:469] - Heartbeat
2022-11-30 19:41:59,359 - INFO - WeiboBot.bot[lifecycle][:469] - Heartbeat
2022-11-30 19:42:00,792 - INFO - WeiboBot.bot[lifecycle][:469] - Heartbeat
2022-11-30 19:42:02,380 - INFO - WeiboBot.bot[lifecycle][:469] - Heartbeat
2022-11-30 19:42:03,932 - INFO - WeiboBot.bot[lifecycle][:469] - Heartbeat
2022-11-30 19:42:05,643 - INFO - WeiboBot.bot[lifecycle][:469] - Heartbeat
2022-11-30 19:42:07,200 - INFO - WeiboBot.bot[lifecycle][:469] - Heartbeat
2022-11-30 19:42:08,318 - INFO - WeiboBot.bot[lifecycle][:469] - Heartbeat
2022-11-30 19:42:11,754 - INFO - WeiboBot.bot[lifecycle][:469] - Heartbeat
2022-11-30 19:42:13,169 - INFO - WeiboBot.bot[lifecycle][:469] - Heartbeat
2022-11-30 19:42:15,007 - INFO - WeiboBot.bot[lifecycle][:469] - Heartbeat
2022-11-30 19:42:16,547 - INFO - WeiboBot.bot[lifecycle][:469] - Heartbeat
2022-11-30 19:42:17,920 - INFO - WeiboBot.bot[lifecycle][:469] - Heartbeat
2022-11-30 19:42:19,611 - INFO - WeiboBot.bot[lifecycle][:469] - Heartbeat
2022-11-30 19:42:21,125 - INFO - WeiboBot.bot[lifecycle][:469] - Heartbeat
2022-11-30 19:42:22,848 - INFO - WeiboBot.bot[lifecycle][:469] - Heartbeat
2022-11-30 19:42:24,115 - INFO - WeiboBot.bot[lifecycle][:469] - Heartbeat
2022-11-30 19:42:26,001 - INFO - WeiboBot.bot[lifecycle][:469] - Heartbeat
2022-11-30 19:42:27,552 - INFO - WeiboBot.bot[lifecycle][:469] - Heartbeat
2022-11-30 19:42:29,455 - INFO - WeiboBot.bot[lifecycle][:469] - Heartbeat
2022-11-30 19:42:30,993 - INFO - WeiboBot.bot[lifecycle][:469] - Heartbeat
2022-11-30 19:42:32,175 - INFO - WeiboBot.bot[lifecycle][:469] - Heartbeat
2022-11-30 19:42:33,574 - INFO - WeiboBot.bot[lifecycle][:469] - Heartbeat
2022-11-30 19:42:35,431 - INFO - WeiboBot.bot[lifecycle][:469] - Heartbeat
2022-11-30 19:42:38,364 - INFO - WeiboBot.bot[lifecycle][:469] - Heartbeat
2022-11-30 19:42:39,704 - INFO - WeiboBot.bot[lifecycle][:469] - Heartbeat
2022-11-30 19:42:41,295 - INFO - WeiboBot.bot[lifecycle][:469] - Heartbeat
2022-11-30 19:42:43,264 - INFO - WeiboBot.bot[lifecycle][:469] - Heartbeat
2022-11-30 19:42:45,648 - INFO - WeiboBot.bot[lifecycle][:469] - Heartbeat
2022-11-30 19:42:46,979 - INFO - WeiboBot.bot[lifecycle][:469] - Heartbeat
2022-11-30 19:42:48,556 - INFO - WeiboBot.bot[lifecycle][:469] - Heartbeat
2022-11-30 19:43:01,535 - INFO - WeiboBot.bot[lifecycle][:469] - Heartbeat
2022-11-30 19:43:03,384 - INFO - WeiboBot.bot[lifecycle][:469] - Heartbeat
2022-11-30 19:43:04,695 - INFO - WeiboBot.bot[lifecycle][:469] - Heartbeat
2022-11-30 19:43:06,217 - INFO - WeiboBot.bot[lifecycle][:469] - Heartbeat
2022-11-30 19:43:07,423 - INFO - WeiboBot.bot[lifecycle][:469] - Heartbeat
2022-11-30 19:43:08,779 - INFO - WeiboBot.bot[lifecycle][:469] - Heartbeat
2022-11-30 19:43:22,453 - INFO - WeiboBot.bot[lifecycle][:469] - Heartbeat
2022-11-30 19:43:23,871 - INFO - WeiboBot.bot[lifecycle][:469] - Heartbeat
2022-11-30 19:43:32,857 - INFO - WeiboBot.bot[lifecycle][:469] - Heartbeat
2022-11-30 19:43:34,075 - INFO - WeiboBot.bot[lifecycle][:469] - Heartbeat
2022-11-30 19:43:35,598 - INFO - WeiboBot.bot[lifecycle][:469] - Heartbeat
2022-11-30 19:43:38,929 - INFO - WeiboBot.bot[lifecycle][:469] - Heartbeat
2022-11-30 19:43:42,539 - INFO - WeiboBot.bot[lifecycle][:469] - Heartbeat
2022-11-30 19:43:55,053 - INFO - WeiboBot.bot[lifecycle][:469] - Heartbeat
2022-11-30 19:43:56,824 - INFO - WeiboBot.bot[lifecycle][:469] - Heartbeat
2022-11-30 19:44:05,493 - INFO - WeiboBot.bot[lifecycle][:469] - Heartbeat
2022-11-30 19:44:06,981 - INFO - WeiboBot.bot[lifecycle][:469] - Heartbeat
2022-11-30 19:44:08,596 - INFO - WeiboBot.bot[lifecycle][:469] - Heartbeat
2022-11-30 19:44:10,196 - INFO - WeiboBot.bot[lifecycle][:469] - Heartbeat
2022-11-30 19:44:11,652 - INFO - WeiboBot.bot[lifecycle][:469] - Heartbeat
2022-11-30 19:44:12,960 - INFO - WeiboBot.bot[lifecycle][:469] - Heartbeat
2022-11-30 19:44:14,159 - INFO - WeiboBot.bot[lifecycle][:469] - Heartbeat
2022-11-30 19:44:25,543 - INFO - WeiboBot.bot[lifecycle][:469] - Heartbeat
2022-11-30 19:44:27,409 - INFO - WeiboBot.bot[lifecycle][:469] - Heartbeat
2022-11-30 19:44:28,667 - INFO - WeiboBot.bot[lifecycle][:469] - Heartbeat
2022-11-30 19:44:29,757 - INFO - WeiboBot.bot[lifecycle][:469] - Heartbeat
2022-11-30 19:44:31,466 - INFO - WeiboBot.bot[lifecycle][:469] - Heartbeat
2022-11-30 19:44:32,743 - INFO - WeiboBot.bot[lifecycle][:469] - Heartbeat
2022-11-30 19:44:34,645 - INFO - WeiboBot.bot[lifecycle][:469] - Heartbeat
2022-11-30 19:44:35,972 - INFO - WeiboBot.bot[lifecycle][:469] - Heartbeat
2022-11-30 19:44:37,342 - INFO - WeiboBot.bot[lifecycle][:469] - Heartbeat
2022-11-30 19:44:39,020 - INFO - WeiboBot.bot[lifecycle][:469] - Heartbeat
2022-11-30 19:44:40,704 - INFO - WeiboBot.bot[lifecycle][:469] - Heartbeat
2022-11-30 19:44:42,193 - INFO - WeiboBot.bot[lifecycle][:469] - Heartbeat
2022-11-30 19:44:44,574 - INFO - WeiboBot.bot[lifecycle][:469] - Heartbeat
2022-11-30 19:44:46,028 - INFO - WeiboBot.bot[lifecycle][:469] - Heartbeat
2022-11-30 19:44:47,317 - INFO - WeiboBot.bot[lifecycle][:469] - Heartbeat
2022-11-30 19:44:49,077 - INFO - WeiboBot.bot[lifecycle][:469] - Heartbeat
2022-11-30 19:44:50,518 - INFO - WeiboBot.bot[lifecycle][:469] - Heartbeat
2022-11-30 19:44:56,614 - INFO - WeiboBot.bot[lifecycle][:469] - Heartbeat
2022-11-30 19:44:57,926 - INFO - WeiboBot.bot[lifecycle][:469] - Heartbeat
2022-11-30 19:44:59,376 - INFO - WeiboBot.bot[lifecycle][:469] - Heartbeat
2022-11-30 19:45:00,864 - INFO - WeiboBot.bot[lifecycle][:469] - Heartbeat
2022-11-30 19:45:02,827 - INFO - WeiboBot.bot[lifecycle][:469] - Heartbeat
2022-11-30 19:45:04,054 - INFO - WeiboBot.bot[lifecycle][:469] - Heartbeat
2022-11-30 19:45:05,485 - INFO - WeiboBot.bot[lifecycle][:469] - Heartbeat
2022-11-30 19:45:06,668 - INFO - WeiboBot.bot[lifecycle][:469] - Heartbeat
2022-11-30 19:45:07,934 - INFO - WeiboBot.bot[lifecycle][:469] - Heartbeat
2022-11-30 19:45:09,269 - INFO - WeiboBot.bot[lifecycle][:469] - Heartbeat
2022-11-30 19:45:10,370 - INFO - WeiboBot.bot[lifecycle][:469] - Heartbeat
2022-11-30 19:45:11,973 - INFO - WeiboBot.bot[lifecycle][:469] - Heartbeat
2022-11-30 19:45:13,347 - INFO - WeiboBot.bot[lifecycle][:469] - Heartbeat
2022-11-30 19:45:19,812 - INFO - WeiboBot.bot[lifecycle][:469] - Heartbeat
2022-11-30 19:45:21,227 - INFO - WeiboBot.bot[lifecycle][:469] - Heartbeat
2022-11-30 19:45:22,449 - INFO - WeiboBot.bot[lifecycle][:469] - Heartbeat
2022-11-30 19:45:24,031 - INFO - WeiboBot.bot[lifecycle][:469] - Heartbeat
2022-11-30 19:45:25,711 - INFO - WeiboBot.bot[lifecycle][:469] - Heartbeat
2022-11-30 19:45:27,344 - INFO - WeiboBot.bot[lifecycle][:469] - Heartbeat
2022-11-30 19:45:28,573 - INFO - WeiboBot.bot[lifecycle][:469] - Heartbeat
2022-11-30 19:45:29,734 - INFO - WeiboBot.bot[lifecycle][:469] - Heartbeat
2022-11-30 19:45:38,384 - INFO - WeiboBot.bot[lifecycle][:469] - Heartbeat
2022-11-30 19:45:39,943 - INFO - WeiboBot.bot[lifecycle][:469] - Heartbeat
2022-11-30 19:45:41,399 - INFO - WeiboBot.bot[lifecycle][:469] - Heartbeat
2022-11-30 19:45:42,843 - INFO - WeiboBot.bot[lifecycle][:469] - Heartbeat
2022-11-30 19:45:44,308 - INFO - WeiboBot.bot[lifecycle][:469] - Heartbeat
2022-11-30 19:45:45,732 - INFO - WeiboBot.bot[lifecycle][:469] - Heartbeat
2022-11-30 19:45:47,303 - INFO - WeiboBot.bot[lifecycle][:469] - Heartbeat
2022-11-30 19:45:53,843 - INFO - WeiboBot.bot[lifecycle][:469] - Heartbeat
2022-11-30 19:45:54,996 - INFO - WeiboBot.bot[lifecycle][:469] - Heartbeat
2022-11-30 19:45:56,264 - INFO - WeiboBot.bot[lifecycle][:469] - Heartbeat
2022-11-30 19:45:57,873 - INFO - WeiboBot.bot[lifecycle][:469] - Heartbeat
2022-11-30 19:45:58,988 - INFO - WeiboBot.bot[lifecycle][:469] - Heartbeat
2022-11-30 19:46:00,440 - INFO - WeiboBot.bot[lifecycle][:469] - Heartbeat
2022-11-30 19:46:01,887 - INFO - WeiboBot.bot[lifecycle][:469] - Heartbeat
2022-11-30 19:46:03,450 - INFO - WeiboBot.bot[lifecycle][:469] - Heartbeat
2022-11-30 19:46:04,481 - INFO - WeiboBot.bot[lifecycle][:469] - Heartbeat
2022-11-30 19:46:07,368 - INFO - WeiboBot.bot[lifecycle][:469] - Heartbeat
2022-11-30 19:46:10,847 - INFO - WeiboBot.bot[lifecycle][:469] - Heartbeat
2022-11-30 19:46:11,992 - INFO - WeiboBot.bot[lifecycle][:469] - Heartbeat
2022-11-30 19:46:13,438 - INFO - WeiboBot.bot[lifecycle][:469] - Heartbeat
2022-11-30 19:46:15,107 - INFO - WeiboBot.bot[lifecycle][:469] - Heartbeat
2022-11-30 19:46:16,569 - INFO - WeiboBot.bot[lifecycle][:469] - Heartbeat
2022-11-30 19:46:18,072 - INFO - WeiboBot.bot[lifecycle][:469] - Heartbeat
2022-11-30 19:46:19,463 - INFO - WeiboBot.bot[lifecycle][:469] - Heartbeat
2022-11-30 19:46:26,042 - INFO - WeiboBot.bot[lifecycle][:469] - Heartbeat
2022-11-30 19:46:28,235 - INFO - WeiboBot.bot[lifecycle][:469] - Heartbeat
2022-11-30 19:46:29,481 - INFO - WeiboBot.bot[lifecycle][:469] - Heartbeat
2022-11-30 19:46:34,534 - INFO - WeiboBot.bot[lifecycle][:469] - Heartbeat
2022-11-30 19:46:35,604 - INFO - WeiboBot.bot[lifecycle][:469] - Heartbeat
2022-11-30 19:46:38,924 - INFO - WeiboBot.bot[lifecycle][:469] - Heartbeat
2022-11-30 19:46:40,079 - INFO - WeiboBot.bot[lifecycle][:469] - Heartbeat
2022-11-30 19:46:42,928 - INFO - WeiboBot.bot[lifecycle][:469] - Heartbeat
2022-11-30 19:46:44,355 - INFO - WeiboBot.bot[lifecycle][:469] - Heartbeat
2022-11-30 19:46:45,644 - INFO - WeiboBot.bot[lifecycle][:469] - Heartbeat
2022-11-30 19:46:48,608 - INFO - WeiboBot.bot[lifecycle][:469] - Heartbeat
2022-11-30 19:46:50,027 - INFO - WeiboBot.bot[lifecycle][:469] - Heartbeat
2022-11-30 19:46:51,389 - INFO - WeiboBot.bot[lifecycle][:469] - Heartbeat
2022-11-30 19:46:52,651 - INFO - WeiboBot.bot[lifecycle][:469] - Heartbeat
2022-11-30 19:46:54,070 - INFO - WeiboBot.bot[lifecycle][:469] - Heartbeat
2022-11-30 19:46:55,216 - INFO - WeiboBot.bot[lifecycle][:469] - Heartbeat
2022-11-30 19:46:57,126 - INFO - WeiboBot.bot[lifecycle][:469] - Heartbeat
2022-11-30 19:46:58,122 - INFO - WeiboBot.bot[lifecycle][:469] - Heartbeat
2022-11-30 19:46:59,444 - INFO - WeiboBot.bot[lifecycle][:469] - Heartbeat
2022-11-30 19:47:00,757 - INFO - WeiboBot.bot[lifecycle][:469] - Heartbeat
2022-11-30 19:47:01,781 - INFO - WeiboBot.bot[lifecycle][:469] - Heartbeat
2022-11-30 19:47:02,903 - INFO - WeiboBot.bot[lifecycle][:469] - Heartbeat
2022-11-30 19:47:04,279 - INFO - WeiboBot.bot[lifecycle][:469] - Heartbeat
2022-11-30 19:47:05,635 - INFO - WeiboBot.bot[lifecycle][:469] - Heartbeat
2022-11-30 19:47:06,744 - INFO - WeiboBot.bot[lifecycle][:469] - Heartbeat
2022-11-30 19:47:08,140 - INFO - WeiboBot.bot[lifecycle][:469] - Heartbeat
2022-11-30 19:47:09,240 - INFO - WeiboBot.bot[lifecycle][:469] - Heartbeat
2022-11-30 19:47:10,706 - INFO - WeiboBot.bot[lifecycle][:469] - Heartbeat
2022-11-30 19:47:11,898 - INFO - WeiboBot.bot[lifecycle][:469] - Heartbeat
2022-11-30 19:47:14,370 - INFO - WeiboBot.bot[lifecycle][:469] - Heartbeat
2022-11-30 19:47:16,683 - ERROR - WeiboBot.bot[refresh_page][:305] - 获取主页错误 0 错误类型100010,请求超时
2022-11-30 19:47:16,882 - INFO - WeiboBot.bot[lifecycle][:469] - Heartbeat
2022-11-30 19:47:18,047 - INFO - WeiboBot.bot[lifecycle][:469] - Heartbeat
2022-11-30 19:47:19,187 - INFO - WeiboBot.bot[lifecycle][:469] - Heartbeat
2022-11-30 19:47:20,565 - INFO - WeiboBot.bot[lifecycle][:469] - Heartbeat
2022-11-30 19:47:21,696 - INFO - WeiboBot.bot[lifecycle][:469] - Heartbeat
2022-11-30 19:47:22,974 - INFO - WeiboBot.bot[lifecycle][:469] - Heartbeat
2022-11-30 19:47:24,122 - INFO - WeiboBot.bot[lifecycle][:469] - Heartbeat
2022-11-30 19:47:25,294 - INFO - WeiboBot.bot[lifecycle][:469] - Heartbeat
2022-11-30 19:47:26,932 - INFO - WeiboBot.bot[lifecycle][:469] - Heartbeat
2022-11-30 19:47:30,593 - INFO - WeiboBot.bot[lifecycle][:469] - Heartbeat
2022-11-30 19:47:31,700 - INFO - WeiboBot.bot[lifecycle][:469] - Heartbeat
2022-11-30 19:47:32,900 - INFO - WeiboBot.bot[lifecycle][:469] - Heartbeat
2022-11-30 19:47:34,543 - INFO - WeiboBot.bot[lifecycle][:469] - Heartbeat
2022-11-30 19:47:36,191 - INFO - WeiboBot.bot[lifecycle][:469] - Heartbeat
2022-11-30 19:47:37,240 - INFO - WeiboBot.bot[lifecycle][:469] - Heartbeat
2022-11-30 19:47:38,359 - INFO - WeiboBot.bot[lifecycle][:469] - Heartbeat
2022-11-30 19:47:41,388 - INFO - WeiboBot.bot[lifecycle][:469] - Heartbeat
2022-11-30 19:47:42,530 - INFO - WeiboBot.bot[lifecycle][:469] - Heartbeat
2022-11-30 19:47:43,698 - INFO - WeiboBot.bot[lifecycle][:469] - Heartbeat
2022-11-30 19:47:45,096 - INFO - WeiboBot.bot[lifecycle][:469] - Heartbeat
2022-11-30 19:47:46,898 - INFO - WeiboBot.bot[lifecycle][:469] - Heartbeat
2022-11-30 19:47:48,402 - INFO - WeiboBot.bot[lifecycle][:469] - Heartbeat
2022-11-30 19:47:49,623 - INFO - WeiboBot.bot[lifecycle][:469] - Heartbeat
2022-11-30 19:47:50,899 - INFO - WeiboBot.bot[lifecycle][:469] - Heartbeat
2022-11-30 19:47:52,166 - INFO - WeiboBot.bot[lifecycle][:469] - Heartbeat
2022-11-30 19:47:53,349 - INFO - WeiboBot.bot[lifecycle][:469] - Heartbeat
2022-11-30 19:47:54,751 - INFO - WeiboBot.bot[lifecycle][:469] - Heartbeat
2022-11-30 19:47:55,834 - INFO - WeiboBot.bot[lifecycle][:469] - Heartbeat
2022-11-30 19:47:57,001 - INFO - WeiboBot.bot[lifecycle][:469] - Heartbeat
2022-11-30 19:47:58,534 - INFO - WeiboBot.bot[lifecycle][:469] - Heartbeat
2022-11-30 19:47:59,773 - INFO - WeiboBot.bot[lifecycle][:469] - Heartbeat
2022-11-30 19:48:01,151 - INFO - WeiboBot.bot[lifecycle][:469] - Heartbeat
2022-11-30 19:48:03,029 - INFO - WeiboBot.bot[lifecycle][:469] - Heartbeat
2022-11-30 19:48:04,192 - INFO - WeiboBot.bot[lifecycle][:469] - Heartbeat
2022-11-30 19:48:05,519 - INFO - WeiboBot.bot[lifecycle][:469] - Heartbeat
2022-11-30 19:48:06,618 - INFO - WeiboBot.bot[lifecycle][:469] - Heartbeat
2022-11-30 19:48:10,361 - INFO - WeiboBot.bot[lifecycle][:469] - Heartbeat
2022-11-30 19:48:11,530 - INFO - WeiboBot.bot[lifecycle][:469] - Heartbeat
2022-11-30 19:48:13,629 - INFO - WeiboBot.bot[lifecycle][:469] - Heartbeat
2022-11-30 19:48:14,680 - INFO - WeiboBot.bot[lifecycle][:469] - Heartbeat
2022-11-30 19:48:15,798 - INFO - WeiboBot.bot[lifecycle][:469] - Heartbeat
2022-11-30 19:48:17,201 - INFO - WeiboBot.bot[lifecycle][:469] - Heartbeat
2022-11-30 19:48:18,540 - INFO - WeiboBot.bot[lifecycle][:469] - Heartbeat
2022-11-30 19:48:19,686 - INFO - WeiboBot.bot[lifecycle][:469] - Heartbeat
2022-11-30 19:48:20,947 - INFO - WeiboBot.bot[lifecycle][:469] - Heartbeat
2022-11-30 19:48:22,988 - INFO - WeiboBot.bot[lifecycle][:469] - Heartbeat
2022-11-30 19:48:24,089 - INFO - WeiboBot.bot[lifecycle][:469] - Heartbeat
2022-11-30 19:48:25,402 - INFO - WeiboBot.bot[lifecycle][:469] - Heartbeat
2022-11-30 19:48:26,672 - INFO - WeiboBot.bot[lifecycle][:469] - Heartbeat
2022-11-30 19:48:27,837 - INFO - WeiboBot.bot[lifecycle][:469] - Heartbeat
2022-11-30 19:48:29,112 - INFO - WeiboBot.bot[lifecycle][:469] - Heartbeat
2022-11-30 19:48:30,504 - INFO - WeiboBot.bot[lifecycle][:469] - Heartbeat
2022-11-30 19:48:31,660 - INFO - WeiboBot.bot[lifecycle][:469] - Heartbeat
2022-11-30 19:48:33,437 - INFO - WeiboBot.bot[lifecycle][:469] - Heartbeat
2022-11-30 19:48:34,913 - INFO - WeiboBot.bot[lifecycle][:469] - Heartbeat
2022-11-30 19:48:36,057 - INFO - WeiboBot.bot[lifecycle][:469] - Heartbeat
2022-11-30 19:48:37,368 - INFO - WeiboBot.bot[lifecycle][:469] - Heartbeat
2022-11-30 19:48:39,873 - INFO - WeiboBot.bot[lifecycle][:469] - Heartbeat
2022-11-30 19:48:41,140 - INFO - WeiboBot.bot[lifecycle][:469] - Heartbeat
2022-11-30 19:48:43,015 - INFO - WeiboBot.bot[lifecycle][:469] - Heartbeat
2022-11-30 19:48:45,828 - INFO - WeiboBot.bot[lifecycle][:469] - Heartbeat
2022-11-30 19:48:47,088 - INFO - WeiboBot.bot[lifecycle][:469] - Heartbeat
